2023-05-12 21:13:15,171 [Worker-5: Loading available Gradle versions] INFO  o.e.b.c.i.u.g.PublishedGradleVersions - Gradle version information cache is up-to-date. Trying to read.
2023-05-12 21:15:11,635 [Worker-23: Building] INFO  o.e.m.c.i.l.LifecycleMappingFactory - Using org.eclipse.m2e.jdt.JarLifecycleMapping lifecycle mapping for MavenProject: RahulShettyAcademy:PracticeMaven:0.0.1-SNAPSHOT @ C:\Users\HP\Downloads\MavenPraticeTest\MavenPraticeTest\PracticeMaven\pom.xml.
2023-05-12 21:15:15,656 [Worker-23: Building] INFO  o.e.m.c.i.embedder.EclipseLogger - Using 'UTF-8' encoding to copy filtered resources.
2023-05-12 21:15:15,657 [Worker-23: Building] INFO  o.e.m.c.i.embedder.EclipseLogger - skip non existing resourceDirectory C:\Users\HP\Downloads\MavenPraticeTest\MavenPraticeTest\PracticeMaven\src\main\resources
2023-05-12 21:15:15,666 [Worker-23: Building] INFO  o.e.m.c.i.embedder.EclipseLogger - Using 'UTF-8' encoding to copy filtered resources.
2023-05-12 21:15:15,666 [Worker-23: Building] INFO  o.e.m.c.i.embedder.EclipseLogger - skip non existing resourceDirectory C:\Users\HP\Downloads\MavenPraticeTest\MavenPraticeTest\PracticeMaven\src\test\resources
2023-05-12 21:15:18,131 [Worker-22: Building] INFO  o.e.m.c.i.embedder.EclipseLogger - Using 'UTF-8' encoding to copy filtered resources.
2023-05-12 21:15:18,133 [Worker-22: Building] INFO  o.e.m.c.i.embedder.EclipseLogger - skip non existing resourceDirectory C:\Users\HP\Downloads\MavenPraticeTest\MavenPraticeTest\PracticeMaven\src\main\resources
2023-05-12 21:15:18,142 [Worker-22: Building] INFO  o.e.m.c.i.embedder.EclipseLogger - Using 'UTF-8' encoding to copy filtered resources.
2023-05-12 21:15:18,142 [Worker-22: Building] INFO  o.e.m.c.i.embedder.EclipseLogger - skip non existing resourceDirectory C:\Users\HP\Downloads\MavenPraticeTest\MavenPraticeTest\PracticeMaven\src\test\resources
2023-05-12 21:15:47,429 [Worker-26: Building] INFO  o.e.m.c.i.embedder.EclipseLogger - Using 'UTF-8' encoding to copy filtered resources.
2023-05-12 21:15:47,430 [Worker-26: Building] INFO  o.e.m.c.i.embedder.EclipseLogger - skip non existing resourceDirectory C:\Users\HP\Downloads\MavenPraticeTest\MavenPraticeTest\PracticeMaven\src\main\resources
2023-05-12 21:15:47,435 [Worker-26: Building] INFO  o.e.m.c.i.embedder.EclipseLogger - Using 'UTF-8' encoding to copy filtered resources.
2023-05-12 21:15:47,435 [Worker-26: Building] INFO  o.e.m.c.i.embedder.EclipseLogger - skip non existing resourceDirectory C:\Users\HP\Downloads\MavenPraticeTest\MavenPraticeTest\PracticeMaven\src\test\resources
2023-05-12 21:18:40,175 [Worker-9: Building] INFO  o.e.m.c.i.embedder.EclipseLogger - Using 'UTF-8' encoding to copy filtered resources.
2023-05-12 21:18:40,175 [Worker-9: Building] INFO  o.e.m.c.i.embedder.EclipseLogger - skip non existing resourceDirectory C:\Users\HP\Downloads\MavenPraticeTest\MavenPraticeTest\PracticeMaven\src\main\resources
2023-05-12 21:18:40,180 [Worker-9: Building] INFO  o.e.m.c.i.embedder.EclipseLogger - Using 'UTF-8' encoding to copy filtered resources.
2023-05-12 21:18:40,180 [Worker-9: Building] INFO  o.e.m.c.i.embedder.EclipseLogger - skip non existing resourceDirectory C:\Users\HP\Downloads\MavenPraticeTest\MavenPraticeTest\PracticeMaven\src\test\resources
2023-05-12 21:19:05,814 [Worker-1: Building] INFO  o.e.m.c.i.embedder.EclipseLogger - Using 'UTF-8' encoding to copy filtered resources.
2023-05-12 21:19:05,814 [Worker-1: Building] INFO  o.e.m.c.i.embedder.EclipseLogger - skip non existing resourceDirectory C:\Users\HP\Downloads\MavenPraticeTest\MavenPraticeTest\PracticeMaven\src\main\resources
2023-05-12 21:19:05,820 [Worker-1: Building] INFO  o.e.m.c.i.embedder.EclipseLogger - Using 'UTF-8' encoding to copy filtered resources.
2023-05-12 21:19:05,820 [Worker-1: Building] INFO  o.e.m.c.i.embedder.EclipseLogger - skip non existing resourceDirectory C:\Users\HP\Downloads\MavenPraticeTest\MavenPraticeTest\PracticeMaven\src\test\resources
2023-05-12 21:19:24,436 [Worker-26: Building] INFO  o.e.m.c.i.embedder.EclipseLogger - Using 'UTF-8' encoding to copy filtered resources.
2023-05-12 21:19:24,437 [Worker-26: Building] INFO  o.e.m.c.i.embedder.EclipseLogger - skip non existing resourceDirectory C:\Users\HP\Downloads\MavenPraticeTest\MavenPraticeTest\PracticeMaven\src\main\resources
2023-05-12 21:19:24,440 [Worker-26: Building] INFO  o.e.m.c.i.embedder.EclipseLogger - Using 'UTF-8' encoding to copy filtered resources.
2023-05-12 21:19:24,440 [Worker-26: Building] INFO  o.e.m.c.i.embedder.EclipseLogger - skip non existing resourceDirectory C:\Users\HP\Downloads\MavenPraticeTest\MavenPraticeTest\PracticeMaven\src\test\resources
2023-05-12 21:22:51,059 [Worker-26: Building] INFO  o.e.m.c.i.embedder.EclipseLogger - Using 'UTF-8' encoding to copy filtered resources.
2023-05-12 21:22:51,059 [Worker-26: Building] INFO  o.e.m.c.i.embedder.EclipseLogger - skip non existing resourceDirectory C:\Users\HP\Downloads\MavenPraticeTest\MavenPraticeTest\PracticeMaven\src\main\resources
2023-05-12 21:22:51,065 [Worker-26: Building] INFO  o.e.m.c.i.embedder.EclipseLogger - Using 'UTF-8' encoding to copy filtered resources.
2023-05-12 21:22:51,066 [Worker-26: Building] INFO  o.e.m.c.i.embedder.EclipseLogger - skip non existing resourceDirectory C:\Users\HP\Downloads\MavenPraticeTest\MavenPraticeTest\PracticeMaven\src\test\resources
2023-05-12 21:24:51,489 [Worker-22: Building] INFO  o.e.m.c.i.embedder.EclipseLogger - Using 'UTF-8' encoding to copy filtered resources.
2023-05-12 21:24:51,490 [Worker-22: Building] INFO  o.e.m.c.i.embedder.EclipseLogger - skip non existing resourceDirectory C:\Users\HP\Downloads\MavenPraticeTest\MavenPraticeTest\PracticeMaven\src\main\resources
2023-05-12 21:24:51,504 [Worker-22: Building] INFO  o.e.m.c.i.embedder.EclipseLogger - Using 'UTF-8' encoding to copy filtered resources.
2023-05-12 21:24:51,505 [Worker-22: Building] INFO  o.e.m.c.i.embedder.EclipseLogger - skip non existing resourceDirectory C:\Users\HP\Downloads\MavenPraticeTest\MavenPraticeTest\PracticeMaven\src\test\resources
2023-05-12 21:25:03,216 [Worker-30: Building] INFO  o.e.m.c.i.embedder.EclipseLogger - Using 'UTF-8' encoding to copy filtered resources.
2023-05-12 21:25:03,217 [Worker-30: Building] INFO  o.e.m.c.i.embedder.EclipseLogger - skip non existing resourceDirectory C:\Users\HP\Downloads\MavenPraticeTest\MavenPraticeTest\PracticeMaven\src\main\resources
2023-05-12 21:25:03,220 [Worker-30: Building] INFO  o.e.m.c.i.embedder.EclipseLogger - Using 'UTF-8' encoding to copy filtered resources.
2023-05-12 21:25:03,220 [Worker-30: Building] INFO  o.e.m.c.i.embedder.EclipseLogger - skip non existing resourceDirectory C:\Users\HP\Downloads\MavenPraticeTest\MavenPraticeTest\PracticeMaven\src\test\resources
2023-05-12 21:27:53,512 [Worker-30: Building] INFO  o.e.m.c.i.embedder.EclipseLogger - Using 'UTF-8' encoding to copy filtered resources.
2023-05-12 21:27:53,513 [Worker-30: Building] INFO  o.e.m.c.i.embedder.EclipseLogger - skip non existing resourceDirectory C:\Users\HP\Downloads\MavenPraticeTest\MavenPraticeTest\PracticeMaven\src\main\resources
2023-05-12 21:27:53,518 [Worker-30: Building] INFO  o.e.m.c.i.embedder.EclipseLogger - Using 'UTF-8' encoding to copy filtered resources.
2023-05-12 21:27:53,519 [Worker-30: Building] INFO  o.e.m.c.i.embedder.EclipseLogger - skip non existing resourceDirectory C:\Users\HP\Downloads\MavenPraticeTest\MavenPraticeTest\PracticeMaven\src\test\resources
2023-05-12 21:31:42,367 [Worker-22: Building] INFO  o.e.m.c.i.embedder.EclipseLogger - Using 'UTF-8' encoding to copy filtered resources.
2023-05-12 21:31:42,368 [Worker-22: Building] INFO  o.e.m.c.i.embedder.EclipseLogger - skip non existing resourceDirectory C:\Users\HP\Downloads\MavenPraticeTest\MavenPraticeTest\PracticeMaven\src\main\resources
2023-05-12 21:31:42,370 [Worker-22: Building] INFO  o.e.m.c.i.embedder.EclipseLogger - Using 'UTF-8' encoding to copy filtered resources.
2023-05-12 21:31:42,370 [Worker-22: Building] INFO  o.e.m.c.i.embedder.EclipseLogger - skip non existing resourceDirectory C:\Users\HP\Downloads\MavenPraticeTest\MavenPraticeTest\PracticeMaven\src\test\resources
2023-05-12 21:37:02,406 [Worker-36: Building] INFO  o.e.m.c.i.embedder.EclipseLogger - Using 'UTF-8' encoding to copy filtered resources.
2023-05-12 21:37:02,407 [Worker-36: Building] INFO  o.e.m.c.i.embedder.EclipseLogger - skip non existing resourceDirectory C:\Users\HP\Downloads\MavenPraticeTest\MavenPraticeTest\PracticeMaven\src\main\resources
2023-05-12 21:37:02,409 [Worker-36: Building] INFO  o.e.m.c.i.embedder.EclipseLogger - Using 'UTF-8' encoding to copy filtered resources.
2023-05-12 21:37:02,409 [Worker-36: Building] INFO  o.e.m.c.i.embedder.EclipseLogger - skip non existing resourceDirectory C:\Users\HP\Downloads\MavenPraticeTest\MavenPraticeTest\PracticeMaven\src\test\resources
2023-05-13 15:27:08,161 [Worker-1: Loading available Gradle versions] INFO  o.e.b.c.i.u.g.PublishedGradleVersions - Gradle version information cache is up-to-date. Trying to read.
2023-05-13 15:33:52,122 [Worker-23: Building] INFO  o.e.m.c.i.embedder.EclipseLogger - Using 'UTF-8' encoding to copy filtered resources.
2023-05-13 15:33:52,124 [Worker-23: Building] INFO  o.e.m.c.i.embedder.EclipseLogger - skip non existing resourceDirectory C:\Users\HP\Downloads\MavenPraticeTest\MavenPraticeTest\PracticeMaven\src\main\resources
2023-05-13 15:33:52,130 [Worker-23: Building] INFO  o.e.m.c.i.embedder.EclipseLogger - Using 'UTF-8' encoding to copy filtered resources.
2023-05-13 15:33:52,130 [Worker-23: Building] INFO  o.e.m.c.i.embedder.EclipseLogger - skip non existing resourceDirectory C:\Users\HP\Downloads\MavenPraticeTest\MavenPraticeTest\PracticeMaven\src\test\resources
2023-05-13 15:35:15,521 [Worker-4: Building] INFO  o.e.m.c.i.embedder.EclipseLogger - Using 'UTF-8' encoding to copy filtered resources.
2023-05-13 15:35:15,522 [Worker-4: Building] INFO  o.e.m.c.i.embedder.EclipseLogger - skip non existing resourceDirectory C:\Users\HP\Downloads\MavenPraticeTest\MavenPraticeTest\PracticeMaven\src\main\resources
2023-05-13 15:35:15,527 [Worker-4: Building] INFO  o.e.m.c.i.embedder.EclipseLogger - Using 'UTF-8' encoding to copy filtered resources.
2023-05-13 15:35:15,528 [Worker-4: Building] INFO  o.e.m.c.i.embedder.EclipseLogger - skip non existing resourceDirectory C:\Users\HP\Downloads\MavenPraticeTest\MavenPraticeTest\PracticeMaven\src\test\resources
2023-05-13 15:35:25,039 [Worker-24: Building] INFO  o.e.m.c.i.embedder.EclipseLogger - Using 'UTF-8' encoding to copy filtered resources.
2023-05-13 15:35:25,040 [Worker-24: Building] INFO  o.e.m.c.i.embedder.EclipseLogger - skip non existing resourceDirectory C:\Users\HP\Downloads\MavenPraticeTest\MavenPraticeTest\PracticeMaven\src\main\resources
2023-05-13 15:35:25,043 [Worker-24: Building] INFO  o.e.m.c.i.embedder.EclipseLogger - Using 'UTF-8' encoding to copy filtered resources.
2023-05-13 15:35:25,043 [Worker-24: Building] INFO  o.e.m.c.i.embedder.EclipseLogger - skip non existing resourceDirectory C:\Users\HP\Downloads\MavenPraticeTest\MavenPraticeTest\PracticeMaven\src\test\resources
2023-05-13 15:48:26,961 [Worker-4: Building] INFO  o.e.m.c.i.embedder.EclipseLogger - Using 'UTF-8' encoding to copy filtered resources.
2023-05-13 15:48:26,962 [Worker-4: Building] INFO  o.e.m.c.i.embedder.EclipseLogger - skip non existing resourceDirectory C:\Users\HP\Downloads\MavenPraticeTest\MavenPraticeTest\PracticeMaven\src\main\resources
2023-05-13 15:48:26,965 [Worker-4: Building] INFO  o.e.m.c.i.embedder.EclipseLogger - Using 'UTF-8' encoding to copy filtered resources.
2023-05-13 15:48:26,966 [Worker-4: Building] INFO  o.e.m.c.i.embedder.EclipseLogger - skip non existing resourceDirectory C:\Users\HP\Downloads\MavenPraticeTest\MavenPraticeTest\PracticeMaven\src\test\resources
2023-05-13 15:50:47,074 [Worker-27: Building] INFO  o.e.m.c.i.embedder.EclipseLogger - Using 'UTF-8' encoding to copy filtered resources.
2023-05-13 15:50:47,074 [Worker-27: Building] INFO  o.e.m.c.i.embedder.EclipseLogger - skip non existing resourceDirectory C:\Users\HP\Downloads\MavenPraticeTest\MavenPraticeTest\PracticeMaven\src\main\resources
2023-05-13 15:50:47,078 [Worker-27: Building] INFO  o.e.m.c.i.embedder.EclipseLogger - Using 'UTF-8' encoding to copy filtered resources.
2023-05-13 15:50:47,078 [Worker-27: Building] INFO  o.e.m.c.i.embedder.EclipseLogger - skip non existing resourceDirectory C:\Users\HP\Downloads\MavenPraticeTest\MavenPraticeTest\PracticeMaven\src\test\resources
2023-05-13 15:51:20,402 [Worker-27: Building] INFO  o.e.m.c.i.embedder.EclipseLogger - Using 'UTF-8' encoding to copy filtered resources.
2023-05-13 15:51:20,403 [Worker-27: Building] INFO  o.e.m.c.i.embedder.EclipseLogger - skip non existing resourceDirectory C:\Users\HP\Downloads\MavenPraticeTest\MavenPraticeTest\PracticeMaven\src\main\resources
2023-05-13 15:51:20,406 [Worker-27: Building] INFO  o.e.m.c.i.embedder.EclipseLogger - Using 'UTF-8' encoding to copy filtered resources.
2023-05-13 15:51:20,406 [Worker-27: Building] INFO  o.e.m.c.i.embedder.EclipseLogger - skip non existing resourceDirectory C:\Users\HP\Downloads\MavenPraticeTest\MavenPraticeTest\PracticeMaven\src\test\resources
2023-05-13 16:03:41,850 [Worker-25: Building] INFO  o.e.m.c.i.embedder.EclipseLogger - Using 'UTF-8' encoding to copy filtered resources.
2023-05-13 16:03:41,851 [Worker-25: Building] INFO  o.e.m.c.i.embedder.EclipseLogger - skip non existing resourceDirectory C:\Users\HP\Downloads\MavenPraticeTest\MavenPraticeTest\PracticeMaven\src\main\resources
2023-05-13 16:03:41,854 [Worker-25: Building] INFO  o.e.m.c.i.embedder.EclipseLogger - Using 'UTF-8' encoding to copy filtered resources.
2023-05-13 16:03:41,855 [Worker-25: Building] INFO  o.e.m.c.i.embedder.EclipseLogger - skip non existing resourceDirectory C:\Users\HP\Downloads\MavenPraticeTest\MavenPraticeTest\PracticeMaven\src\test\resources
2023-05-13 16:14:11,310 [Worker-33: Building] INFO  o.e.m.c.i.embedder.EclipseLogger - Using 'UTF-8' encoding to copy filtered resources.
2023-05-13 16:14:11,310 [Worker-33: Building] INFO  o.e.m.c.i.embedder.EclipseLogger - skip non existing resourceDirectory C:\Users\HP\Downloads\MavenPraticeTest\MavenPraticeTest\PracticeMaven\src\main\resources
2023-05-13 16:14:11,315 [Worker-33: Building] INFO  o.e.m.c.i.embedder.EclipseLogger - Using 'UTF-8' encoding to copy filtered resources.
2023-05-13 16:14:11,315 [Worker-33: Building] INFO  o.e.m.c.i.embedder.EclipseLogger - skip non existing resourceDirectory C:\Users\HP\Downloads\MavenPraticeTest\MavenPraticeTest\PracticeMaven\src\test\resources
2023-05-13 16:16:33,893 [Worker-38: Building] INFO  o.e.m.c.i.embedder.EclipseLogger - Using 'UTF-8' encoding to copy filtered resources.
2023-05-13 16:16:33,894 [Worker-38: Building] INFO  o.e.m.c.i.embedder.EclipseLogger - skip non existing resourceDirectory C:\Users\HP\Downloads\MavenPraticeTest\MavenPraticeTest\PracticeMaven\src\main\resources
2023-05-13 16:16:33,896 [Worker-38: Building] INFO  o.e.m.c.i.embedder.EclipseLogger - Using 'UTF-8' encoding to copy filtered resources.
2023-05-13 16:16:33,896 [Worker-38: Building] INFO  o.e.m.c.i.embedder.EclipseLogger - skip non existing resourceDirectory C:\Users\HP\Downloads\MavenPraticeTest\MavenPraticeTest\PracticeMaven\src\test\resources
2023-05-13 16:17:43,545 [Worker-39: Building] INFO  o.e.m.c.i.embedder.EclipseLogger - Using 'UTF-8' encoding to copy filtered resources.
2023-05-13 16:17:43,545 [Worker-39: Building] INFO  o.e.m.c.i.embedder.EclipseLogger - skip non existing resourceDirectory C:\Users\HP\Downloads\MavenPraticeTest\MavenPraticeTest\PracticeMaven\src\main\resources
2023-05-13 16:17:43,547 [Worker-39: Building] INFO  o.e.m.c.i.embedder.EclipseLogger - Using 'UTF-8' encoding to copy filtered resources.
2023-05-13 16:17:43,547 [Worker-39: Building] INFO  o.e.m.c.i.embedder.EclipseLogger - skip non existing resourceDirectory C:\Users\HP\Downloads\MavenPraticeTest\MavenPraticeTest\PracticeMaven\src\test\resources
2023-05-13 16:28:00,693 [Worker-44: Building] INFO  o.e.m.c.i.embedder.EclipseLogger - Using 'UTF-8' encoding to copy filtered resources.
2023-05-13 16:28:00,694 [Worker-44: Building] INFO  o.e.m.c.i.embedder.EclipseLogger - skip non existing resourceDirectory C:\Users\HP\Downloads\MavenPraticeTest\MavenPraticeTest\PracticeMaven\src\main\resources
2023-05-13 16:28:00,705 [Worker-44: Building] INFO  o.e.m.c.i.embedder.EclipseLogger - Using 'UTF-8' encoding to copy filtered resources.
2023-05-13 16:28:00,706 [Worker-44: Building] INFO  o.e.m.c.i.embedder.EclipseLogger - skip non existing resourceDirectory C:\Users\HP\Downloads\MavenPraticeTest\MavenPraticeTest\PracticeMaven\src\test\resources
2023-05-13 16:28:03,277 [Worker-38: Building] INFO  o.e.m.c.i.embedder.EclipseLogger - Using 'UTF-8' encoding to copy filtered resources.
2023-05-13 16:28:03,277 [Worker-38: Building] INFO  o.e.m.c.i.embedder.EclipseLogger - skip non existing resourceDirectory C:\Users\HP\Downloads\MavenPraticeTest\MavenPraticeTest\PracticeMaven\src\main\resources
2023-05-13 16:28:03,279 [Worker-38: Building] INFO  o.e.m.c.i.embedder.EclipseLogger - Using 'UTF-8' encoding to copy filtered resources.
2023-05-13 16:28:03,279 [Worker-38: Building] INFO  o.e.m.c.i.embedder.EclipseLogger - skip non existing resourceDirectory C:\Users\HP\Downloads\MavenPraticeTest\MavenPraticeTest\PracticeMaven\src\test\resources
2023-05-13 16:29:34,167 [Worker-38: Building] INFO  o.e.m.c.i.embedder.EclipseLogger - Using 'UTF-8' encoding to copy filtered resources.
2023-05-13 16:29:34,168 [Worker-38: Building] INFO  o.e.m.c.i.embedder.EclipseLogger - skip non existing resourceDirectory C:\Users\HP\Downloads\MavenPraticeTest\MavenPraticeTest\PracticeMaven\src\main\resources
2023-05-13 16:29:34,171 [Worker-38: Building] INFO  o.e.m.c.i.embedder.EclipseLogger - Using 'UTF-8' encoding to copy filtered resources.
2023-05-13 16:29:34,172 [Worker-38: Building] INFO  o.e.m.c.i.embedder.EclipseLogger - skip non existing resourceDirectory C:\Users\HP\Downloads\MavenPraticeTest\MavenPraticeTest\PracticeMaven\src\test\resources
2023-05-13 16:30:12,419 [Worker-45: Building] INFO  o.e.m.c.i.embedder.EclipseLogger - Using 'UTF-8' encoding to copy filtered resources.
2023-05-13 16:30:12,419 [Worker-45: Building] INFO  o.e.m.c.i.embedder.EclipseLogger - skip non existing resourceDirectory C:\Users\HP\Downloads\MavenPraticeTest\MavenPraticeTest\PracticeMaven\src\main\resources
2023-05-13 16:30:12,423 [Worker-45: Building] INFO  o.e.m.c.i.embedder.EclipseLogger - Using 'UTF-8' encoding to copy filtered resources.
2023-05-13 16:30:12,423 [Worker-45: Building] INFO  o.e.m.c.i.embedder.EclipseLogger - skip non existing resourceDirectory C:\Users\HP\Downloads\MavenPraticeTest\MavenPraticeTest\PracticeMaven\src\test\resources
2023-05-13 16:33:31,784 [Worker-51: Building] INFO  o.e.m.c.i.embedder.EclipseLogger - Using 'UTF-8' encoding to copy filtered resources.
2023-05-13 16:33:31,785 [Worker-51: Building] INFO  o.e.m.c.i.embedder.EclipseLogger - skip non existing resourceDirectory C:\Users\HP\Downloads\MavenPraticeTest\MavenPraticeTest\PracticeMaven\src\main\resources
2023-05-13 16:33:31,786 [Worker-51: Building] INFO  o.e.m.c.i.embedder.EclipseLogger - Using 'UTF-8' encoding to copy filtered resources.
2023-05-13 16:33:31,786 [Worker-51: Building] INFO  o.e.m.c.i.embedder.EclipseLogger - skip non existing resourceDirectory C:\Users\HP\Downloads\MavenPraticeTest\MavenPraticeTest\PracticeMaven\src\test\resources
2023-05-13 16:33:51,023 [Worker-46: Building] INFO  o.e.m.c.i.embedder.EclipseLogger - Using 'UTF-8' encoding to copy filtered resources.
2023-05-13 16:33:51,024 [Worker-46: Building] INFO  o.e.m.c.i.embedder.EclipseLogger - skip non existing resourceDirectory C:\Users\HP\Downloads\MavenPraticeTest\MavenPraticeTest\PracticeMaven\src\main\resources
2023-05-13 16:33:51,027 [Worker-46: Building] INFO  o.e.m.c.i.embedder.EclipseLogger - Using 'UTF-8' encoding to copy filtered resources.
2023-05-13 16:33:51,027 [Worker-46: Building] INFO  o.e.m.c.i.embedder.EclipseLogger - skip non existing resourceDirectory C:\Users\HP\Downloads\MavenPraticeTest\MavenPraticeTest\PracticeMaven\src\test\resources
2023-05-13 16:33:59,712 [Worker-45: Building] INFO  o.e.m.c.i.embedder.EclipseLogger - Using 'UTF-8' encoding to copy filtered resources.
2023-05-13 16:33:59,712 [Worker-45: Building] INFO  o.e.m.c.i.embedder.EclipseLogger - skip non existing resourceDirectory C:\Users\HP\Downloads\MavenPraticeTest\MavenPraticeTest\PracticeMaven\src\main\resources
2023-05-13 16:33:59,715 [Worker-45: Building] INFO  o.e.m.c.i.embedder.EclipseLogger - Using 'UTF-8' encoding to copy filtered resources.
2023-05-13 16:33:59,715 [Worker-45: Building] INFO  o.e.m.c.i.embedder.EclipseLogger - skip non existing resourceDirectory C:\Users\HP\Downloads\MavenPraticeTest\MavenPraticeTest\PracticeMaven\src\test\resources
2023-05-13 16:37:05,041 [Worker-51: Building] INFO  o.e.m.c.i.embedder.EclipseLogger - Using 'UTF-8' encoding to copy filtered resources.
2023-05-13 16:37:05,043 [Worker-51: Building] INFO  o.e.m.c.i.embedder.EclipseLogger - skip non existing resourceDirectory C:\Users\HP\Downloads\MavenPraticeTest\MavenPraticeTest\PracticeMaven\src\main\resources
2023-05-13 16:37:05,046 [Worker-51: Building] INFO  o.e.m.c.i.embedder.EclipseLogger - Using 'UTF-8' encoding to copy filtered resources.
2023-05-13 16:37:05,046 [Worker-51: Building] INFO  o.e.m.c.i.embedder.EclipseLogger - skip non existing resourceDirectory C:\Users\HP\Downloads\MavenPraticeTest\MavenPraticeTest\PracticeMaven\src\test\resources
2023-05-13 16:37:10,340 [Worker-51: Building] INFO  o.e.m.c.i.embedder.EclipseLogger - Using 'UTF-8' encoding to copy filtered resources.
2023-05-13 16:37:10,341 [Worker-51: Building] INFO  o.e.m.c.i.embedder.EclipseLogger - skip non existing resourceDirectory C:\Users\HP\Downloads\MavenPraticeTest\MavenPraticeTest\PracticeMaven\src\main\resources
2023-05-13 16:37:10,344 [Worker-51: Building] INFO  o.e.m.c.i.embedder.EclipseLogger - Using 'UTF-8' encoding to copy filtered resources.
2023-05-13 16:37:10,344 [Worker-51: Building] INFO  o.e.m.c.i.embedder.EclipseLogger - skip non existing resourceDirectory C:\Users\HP\Downloads\MavenPraticeTest\MavenPraticeTest\PracticeMaven\src\test\resources
2023-05-13 16:38:51,770 [Worker-52: Building] INFO  o.e.m.c.i.embedder.EclipseLogger - Using 'UTF-8' encoding to copy filtered resources.
2023-05-13 16:38:51,770 [Worker-52: Building] INFO  o.e.m.c.i.embedder.EclipseLogger - skip non existing resourceDirectory C:\Users\HP\Downloads\MavenPraticeTest\MavenPraticeTest\PracticeMaven\src\main\resources
2023-05-13 16:38:51,772 [Worker-52: Building] INFO  o.e.m.c.i.embedder.EclipseLogger - Using 'UTF-8' encoding to copy filtered resources.
2023-05-13 16:38:51,773 [Worker-52: Building] INFO  o.e.m.c.i.embedder.EclipseLogger - skip non existing resourceDirectory C:\Users\HP\Downloads\MavenPraticeTest\MavenPraticeTest\PracticeMaven\src\test\resources
2023-05-13 16:51:02,922 [Worker-60: Building] INFO  o.e.m.c.i.embedder.EclipseLogger - Using 'UTF-8' encoding to copy filtered resources.
2023-05-13 16:51:02,923 [Worker-60: Building] INFO  o.e.m.c.i.embedder.EclipseLogger - skip non existing resourceDirectory C:\Users\HP\Downloads\MavenPraticeTest\MavenPraticeTest\PracticeMaven\src\main\resources
2023-05-13 16:51:02,925 [Worker-60: Building] INFO  o.e.m.c.i.embedder.EclipseLogger - Using 'UTF-8' encoding to copy filtered resources.
2023-05-13 16:51:02,925 [Worker-60: Building] INFO  o.e.m.c.i.embedder.EclipseLogger - skip non existing resourceDirectory C:\Users\HP\Downloads\MavenPraticeTest\MavenPraticeTest\PracticeMaven\src\test\resources
2023-05-13 16:56:24,674 [Worker-51: Building] INFO  o.e.m.c.i.embedder.EclipseLogger - Using 'UTF-8' encoding to copy filtered resources.
2023-05-13 16:56:24,676 [Worker-51: Building] INFO  o.e.m.c.i.embedder.EclipseLogger - skip non existing resourceDirectory C:\Users\HP\Downloads\MavenPraticeTest\MavenPraticeTest\PracticeMaven\src\main\resources
2023-05-13 16:56:24,681 [Worker-51: Building] INFO  o.e.m.c.i.embedder.EclipseLogger - Using 'UTF-8' encoding to copy filtered resources.
2023-05-13 16:56:24,681 [Worker-51: Building] INFO  o.e.m.c.i.embedder.EclipseLogger - skip non existing resourceDirectory C:\Users\HP\Downloads\MavenPraticeTest\MavenPraticeTest\PracticeMaven\src\test\resources
2023-05-13 16:56:29,246 [Worker-68: Building] INFO  o.e.m.c.i.embedder.EclipseLogger - Using 'UTF-8' encoding to copy filtered resources.
2023-05-13 16:56:29,246 [Worker-68: Building] INFO  o.e.m.c.i.embedder.EclipseLogger - skip non existing resourceDirectory C:\Users\HP\Downloads\MavenPraticeTest\MavenPraticeTest\PracticeMaven\src\main\resources
2023-05-13 16:56:29,247 [Worker-68: Building] INFO  o.e.m.c.i.embedder.EclipseLogger - Using 'UTF-8' encoding to copy filtered resources.
2023-05-13 16:56:29,248 [Worker-68: Building] INFO  o.e.m.c.i.embedder.EclipseLogger - skip non existing resourceDirectory C:\Users\HP\Downloads\MavenPraticeTest\MavenPraticeTest\PracticeMaven\src\test\resources
2023-05-13 16:57:13,785 [Worker-51: Building] INFO  o.e.m.c.i.embedder.EclipseLogger - Using 'UTF-8' encoding to copy filtered resources.
2023-05-13 16:57:13,785 [Worker-51: Building] INFO  o.e.m.c.i.embedder.EclipseLogger - skip non existing resourceDirectory C:\Users\HP\Downloads\MavenPraticeTest\MavenPraticeTest\PracticeMaven\src\main\resources
2023-05-13 16:57:13,788 [Worker-51: Building] INFO  o.e.m.c.i.embedder.EclipseLogger - Using 'UTF-8' encoding to copy filtered resources.
2023-05-13 16:57:13,788 [Worker-51: Building] INFO  o.e.m.c.i.embedder.EclipseLogger - skip non existing resourceDirectory C:\Users\HP\Downloads\MavenPraticeTest\MavenPraticeTest\PracticeMaven\src\test\resources
2023-05-13 16:57:33,330 [Worker-68: Building] INFO  o.e.m.c.i.embedder.EclipseLogger - Using 'UTF-8' encoding to copy filtered resources.
2023-05-13 16:57:33,330 [Worker-68: Building] INFO  o.e.m.c.i.embedder.EclipseLogger - skip non existing resourceDirectory C:\Users\HP\Downloads\MavenPraticeTest\MavenPraticeTest\PracticeMaven\src\main\resources
2023-05-13 16:57:33,332 [Worker-68: Building] INFO  o.e.m.c.i.embedder.EclipseLogger - Using 'UTF-8' encoding to copy filtered resources.
2023-05-13 16:57:33,332 [Worker-68: Building] INFO  o.e.m.c.i.embedder.EclipseLogger - skip non existing resourceDirectory C:\Users\HP\Downloads\MavenPraticeTest\MavenPraticeTest\PracticeMaven\src\test\resources
2023-05-13 16:59:31,525 [Worker-71: Building] INFO  o.e.m.c.i.embedder.EclipseLogger - Using 'UTF-8' encoding to copy filtered resources.
2023-05-13 16:59:31,526 [Worker-71: Building] INFO  o.e.m.c.i.embedder.EclipseLogger - skip non existing resourceDirectory C:\Users\HP\Downloads\MavenPraticeTest\MavenPraticeTest\PracticeMaven\src\main\resources
2023-05-13 16:59:31,527 [Worker-71: Building] INFO  o.e.m.c.i.embedder.EclipseLogger - Using 'UTF-8' encoding to copy filtered resources.
2023-05-13 16:59:31,527 [Worker-71: Building] INFO  o.e.m.c.i.embedder.EclipseLogger - skip non existing resourceDirectory C:\Users\HP\Downloads\MavenPraticeTest\MavenPraticeTest\PracticeMaven\src\test\resources
2023-05-13 17:00:52,576 [Worker-51: Building] INFO  o.e.m.c.i.embedder.EclipseLogger - Using 'UTF-8' encoding to copy filtered resources.
2023-05-13 17:00:52,576 [Worker-51: Building] INFO  o.e.m.c.i.embedder.EclipseLogger - skip non existing resourceDirectory C:\Users\HP\Downloads\MavenPraticeTest\MavenPraticeTest\PracticeMaven\src\main\resources
2023-05-13 17:00:52,579 [Worker-51: Building] INFO  o.e.m.c.i.embedder.EclipseLogger - Using 'UTF-8' encoding to copy filtered resources.
2023-05-13 17:00:52,579 [Worker-51: Building] INFO  o.e.m.c.i.embedder.EclipseLogger - skip non existing resourceDirectory C:\Users\HP\Downloads\MavenPraticeTest\MavenPraticeTest\PracticeMaven\src\test\resources
2023-05-13 17:01:05,331 [Worker-51: Building] INFO  o.e.m.c.i.embedder.EclipseLogger - Using 'UTF-8' encoding to copy filtered resources.
2023-05-13 17:01:05,331 [Worker-51: Building] INFO  o.e.m.c.i.embedder.EclipseLogger - skip non existing resourceDirectory C:\Users\HP\Downloads\MavenPraticeTest\MavenPraticeTest\PracticeMaven\src\main\resources
2023-05-13 17:01:05,333 [Worker-51: Building] INFO  o.e.m.c.i.embedder.EclipseLogger - Using 'UTF-8' encoding to copy filtered resources.
2023-05-13 17:01:05,334 [Worker-51: Building] INFO  o.e.m.c.i.embedder.EclipseLogger - skip non existing resourceDirectory C:\Users\HP\Downloads\MavenPraticeTest\MavenPraticeTest\PracticeMaven\src\test\resources
2023-05-13 17:06:14,548 [Worker-76: Building] INFO  o.e.m.c.i.embedder.EclipseLogger - Using 'UTF-8' encoding to copy filtered resources.
2023-05-13 17:06:14,548 [Worker-76: Building] INFO  o.e.m.c.i.embedder.EclipseLogger - skip non existing resourceDirectory C:\Users\HP\Downloads\MavenPraticeTest\MavenPraticeTest\PracticeMaven\src\main\resources
2023-05-13 17:06:14,551 [Worker-76: Building] INFO  o.e.m.c.i.embedder.EclipseLogger - Using 'UTF-8' encoding to copy filtered resources.
2023-05-13 17:06:14,552 [Worker-76: Building] INFO  o.e.m.c.i.embedder.EclipseLogger - skip non existing resourceDirectory C:\Users\HP\Downloads\MavenPraticeTest\MavenPraticeTest\PracticeMaven\src\test\resources
2023-05-13 17:06:55,689 [Worker-79: Building] INFO  o.e.m.c.i.embedder.EclipseLogger - Using 'UTF-8' encoding to copy filtered resources.
2023-05-13 17:06:55,690 [Worker-79: Building] INFO  o.e.m.c.i.embedder.EclipseLogger - skip non existing resourceDirectory C:\Users\HP\Downloads\MavenPraticeTest\MavenPraticeTest\PracticeMaven\src\main\resources
2023-05-13 17:06:55,690 [Worker-79: Building] INFO  o.e.m.c.i.embedder.EclipseLogger - Using 'UTF-8' encoding to copy filtered resources.
2023-05-13 17:06:55,692 [Worker-79: Building] INFO  o.e.m.c.i.embedder.EclipseLogger - skip non existing resourceDirectory C:\Users\HP\Downloads\MavenPraticeTest\MavenPraticeTest\PracticeMaven\src\test\resources
2023-05-13 17:08:59,915 [Worker-79: Building] INFO  o.e.m.c.i.embedder.EclipseLogger - Using 'UTF-8' encoding to copy filtered resources.
2023-05-13 17:08:59,915 [Worker-79: Building] INFO  o.e.m.c.i.embedder.EclipseLogger - skip non existing resourceDirectory C:\Users\HP\Downloads\MavenPraticeTest\MavenPraticeTest\PracticeMaven\src\main\resources
2023-05-13 17:08:59,918 [Worker-79: Building] INFO  o.e.m.c.i.embedder.EclipseLogger - Using 'UTF-8' encoding to copy filtered resources.
2023-05-13 17:08:59,918 [Worker-79: Building] INFO  o.e.m.c.i.embedder.EclipseLogger - skip non existing resourceDirectory C:\Users\HP\Downloads\MavenPraticeTest\MavenPraticeTest\PracticeMaven\src\test\resources
2023-05-13 17:20:47,952 [Worker-79: Building] INFO  o.e.m.c.i.embedder.EclipseLogger - Using 'UTF-8' encoding to copy filtered resources.
2023-05-13 17:20:47,953 [Worker-79: Building] INFO  o.e.m.c.i.embedder.EclipseLogger - skip non existing resourceDirectory C:\Users\HP\Downloads\MavenPraticeTest\MavenPraticeTest\PracticeMaven\src\main\resources
2023-05-13 17:20:47,958 [Worker-79: Building] INFO  o.e.m.c.i.embedder.EclipseLogger - Using 'UTF-8' encoding to copy filtered resources.
2023-05-13 17:20:47,959 [Worker-79: Building] INFO  o.e.m.c.i.embedder.EclipseLogger - skip non existing resourceDirectory C:\Users\HP\Downloads\MavenPraticeTest\MavenPraticeTest\PracticeMaven\src\test\resources
2023-05-13 17:22:40,103 [Worker-85: Building] INFO  o.e.m.c.i.embedder.EclipseLogger - Using 'UTF-8' encoding to copy filtered resources.
2023-05-13 17:22:40,103 [Worker-85: Building] INFO  o.e.m.c.i.embedder.EclipseLogger - skip non existing resourceDirectory C:\Users\HP\Downloads\MavenPraticeTest\MavenPraticeTest\PracticeMaven\src\main\resources
2023-05-13 17:22:40,105 [Worker-85: Building] INFO  o.e.m.c.i.embedder.EclipseLogger - Using 'UTF-8' encoding to copy filtered resources.
2023-05-13 17:22:40,105 [Worker-85: Building] INFO  o.e.m.c.i.embedder.EclipseLogger - skip non existing resourceDirectory C:\Users\HP\Downloads\MavenPraticeTest\MavenPraticeTest\PracticeMaven\src\test\resources
2023-05-13 17:23:32,303 [Worker-85: Building] INFO  o.e.m.c.i.embedder.EclipseLogger - Using 'UTF-8' encoding to copy filtered resources.
2023-05-13 17:23:32,303 [Worker-85: Building] INFO  o.e.m.c.i.embedder.EclipseLogger - skip non existing resourceDirectory C:\Users\HP\Downloads\MavenPraticeTest\MavenPraticeTest\PracticeMaven\src\main\resources
2023-05-13 17:23:32,305 [Worker-85: Building] INFO  o.e.m.c.i.embedder.EclipseLogger - Using 'UTF-8' encoding to copy filtered resources.
2023-05-13 17:23:32,305 [Worker-85: Building] INFO  o.e.m.c.i.embedder.EclipseLogger - skip non existing resourceDirectory C:\Users\HP\Downloads\MavenPraticeTest\MavenPraticeTest\PracticeMaven\src\test\resources
2023-05-13 17:24:52,542 [Worker-81: Building] INFO  o.e.m.c.i.embedder.EclipseLogger - Using 'UTF-8' encoding to copy filtered resources.
2023-05-13 17:24:52,543 [Worker-81: Building] INFO  o.e.m.c.i.embedder.EclipseLogger - skip non existing resourceDirectory C:\Users\HP\Downloads\MavenPraticeTest\MavenPraticeTest\PracticeMaven\src\main\resources
2023-05-13 17:24:52,545 [Worker-81: Building] INFO  o.e.m.c.i.embedder.EclipseLogger - Using 'UTF-8' encoding to copy filtered resources.
2023-05-13 17:24:52,546 [Worker-81: Building] INFO  o.e.m.c.i.embedder.EclipseLogger - skip non existing resourceDirectory C:\Users\HP\Downloads\MavenPraticeTest\MavenPraticeTest\PracticeMaven\src\test\resources
2023-05-13 17:25:17,111 [Worker-85: Building] INFO  o.e.m.c.i.embedder.EclipseLogger - Using 'UTF-8' encoding to copy filtered resources.
2023-05-13 17:25:17,111 [Worker-85: Building] INFO  o.e.m.c.i.embedder.EclipseLogger - skip non existing resourceDirectory C:\Users\HP\Downloads\MavenPraticeTest\MavenPraticeTest\PracticeMaven\src\main\resources
2023-05-13 17:25:17,114 [Worker-85: Building] INFO  o.e.m.c.i.embedder.EclipseLogger - Using 'UTF-8' encoding to copy filtered resources.
2023-05-13 17:25:17,115 [Worker-85: Building] INFO  o.e.m.c.i.embedder.EclipseLogger - skip non existing resourceDirectory C:\Users\HP\Downloads\MavenPraticeTest\MavenPraticeTest\PracticeMaven\src\test\resources
2023-05-13 17:26:15,127 [Worker-81: Building] INFO  o.e.m.c.i.embedder.EclipseLogger - Using 'UTF-8' encoding to copy filtered resources.
2023-05-13 17:26:15,128 [Worker-81: Building] INFO  o.e.m.c.i.embedder.EclipseLogger - skip non existing resourceDirectory C:\Users\HP\Downloads\MavenPraticeTest\MavenPraticeTest\PracticeMaven\src\main\resources
2023-05-13 17:26:15,129 [Worker-81: Building] INFO  o.e.m.c.i.embedder.EclipseLogger - Using 'UTF-8' encoding to copy filtered resources.
2023-05-13 17:26:15,130 [Worker-81: Building] INFO  o.e.m.c.i.embedder.EclipseLogger - skip non existing resourceDirectory C:\Users\HP\Downloads\MavenPraticeTest\MavenPraticeTest\PracticeMaven\src\test\resources
2023-05-13 17:26:30,445 [Worker-85: Building] INFO  o.e.m.c.i.embedder.EclipseLogger - Using 'UTF-8' encoding to copy filtered resources.
2023-05-13 17:26:30,446 [Worker-85: Building] INFO  o.e.m.c.i.embedder.EclipseLogger - skip non existing resourceDirectory C:\Users\HP\Downloads\MavenPraticeTest\MavenPraticeTest\PracticeMaven\src\main\resources
2023-05-13 17:26:30,448 [Worker-85: Building] INFO  o.e.m.c.i.embedder.EclipseLogger - Using 'UTF-8' encoding to copy filtered resources.
2023-05-13 17:26:30,448 [Worker-85: Building] INFO  o.e.m.c.i.embedder.EclipseLogger - skip non existing resourceDirectory C:\Users\HP\Downloads\MavenPraticeTest\MavenPraticeTest\PracticeMaven\src\test\resources
2023-05-13 17:28:03,247 [Worker-81: Building] INFO  o.e.m.c.i.embedder.EclipseLogger - Using 'UTF-8' encoding to copy filtered resources.
2023-05-13 17:28:03,248 [Worker-81: Building] INFO  o.e.m.c.i.embedder.EclipseLogger - skip non existing resourceDirectory C:\Users\HP\Downloads\MavenPraticeTest\MavenPraticeTest\PracticeMaven\src\main\resources
2023-05-13 17:28:03,249 [Worker-81: Building] INFO  o.e.m.c.i.embedder.EclipseLogger - Using 'UTF-8' encoding to copy filtered resources.
2023-05-13 17:28:03,250 [Worker-81: Building] INFO  o.e.m.c.i.embedder.EclipseLogger - skip non existing resourceDirectory C:\Users\HP\Downloads\MavenPraticeTest\MavenPraticeTest\PracticeMaven\src\test\resources
2023-05-13 17:28:21,558 [Worker-85: Building] INFO  o.e.m.c.i.embedder.EclipseLogger - Using 'UTF-8' encoding to copy filtered resources.
2023-05-13 17:28:21,559 [Worker-85: Building] INFO  o.e.m.c.i.embedder.EclipseLogger - skip non existing resourceDirectory C:\Users\HP\Downloads\MavenPraticeTest\MavenPraticeTest\PracticeMaven\src\main\resources
2023-05-13 17:28:21,561 [Worker-85: Building] INFO  o.e.m.c.i.embedder.EclipseLogger - Using 'UTF-8' encoding to copy filtered resources.
2023-05-13 17:28:21,561 [Worker-85: Building] INFO  o.e.m.c.i.embedder.EclipseLogger - skip non existing resourceDirectory C:\Users\HP\Downloads\MavenPraticeTest\MavenPraticeTest\PracticeMaven\src\test\resources
2023-05-13 17:28:31,867 [Worker-79: Building] INFO  o.e.m.c.i.embedder.EclipseLogger - Using 'UTF-8' encoding to copy filtered resources.
2023-05-13 17:28:31,867 [Worker-79: Building] INFO  o.e.m.c.i.embedder.EclipseLogger - skip non existing resourceDirectory C:\Users\HP\Downloads\MavenPraticeTest\MavenPraticeTest\PracticeMaven\src\main\resources
2023-05-13 17:28:31,871 [Worker-79: Building] INFO  o.e.m.c.i.embedder.EclipseLogger - Using 'UTF-8' encoding to copy filtered resources.
2023-05-13 17:28:31,871 [Worker-79: Building] INFO  o.e.m.c.i.embedder.EclipseLogger - skip non existing resourceDirectory C:\Users\HP\Downloads\MavenPraticeTest\MavenPraticeTest\PracticeMaven\src\test\resources
2023-05-13 17:30:45,503 [Worker-79: Building] INFO  o.e.m.c.i.embedder.EclipseLogger - Using 'UTF-8' encoding to copy filtered resources.
2023-05-13 17:30:45,503 [Worker-79: Building] INFO  o.e.m.c.i.embedder.EclipseLogger - skip non existing resourceDirectory C:\Users\HP\Downloads\MavenPraticeTest\MavenPraticeTest\PracticeMaven\src\main\resources
2023-05-13 17:30:45,506 [Worker-79: Building] INFO  o.e.m.c.i.embedder.EclipseLogger - Using 'UTF-8' encoding to copy filtered resources.
2023-05-13 17:30:45,506 [Worker-79: Building] INFO  o.e.m.c.i.embedder.EclipseLogger - skip non existing resourceDirectory C:\Users\HP\Downloads\MavenPraticeTest\MavenPraticeTest\PracticeMaven\src\test\resources
2023-05-13 17:31:04,006 [Worker-85: Building] INFO  o.e.m.c.i.embedder.EclipseLogger - Using 'UTF-8' encoding to copy filtered resources.
2023-05-13 17:31:04,006 [Worker-85: Building] INFO  o.e.m.c.i.embedder.EclipseLogger - skip non existing resourceDirectory C:\Users\HP\Downloads\MavenPraticeTest\MavenPraticeTest\PracticeMaven\src\main\resources
2023-05-13 17:31:04,010 [Worker-85: Building] INFO  o.e.m.c.i.embedder.EclipseLogger - Using 'UTF-8' encoding to copy filtered resources.
2023-05-13 17:31:04,010 [Worker-85: Building] INFO  o.e.m.c.i.embedder.EclipseLogger - skip non existing resourceDirectory C:\Users\HP\Downloads\MavenPraticeTest\MavenPraticeTest\PracticeMaven\src\test\resources
2023-05-13 17:34:38,060 [Worker-79: Building] INFO  o.e.m.c.i.embedder.EclipseLogger - Using 'UTF-8' encoding to copy filtered resources.
2023-05-13 17:34:38,060 [Worker-79: Building] INFO  o.e.m.c.i.embedder.EclipseLogger - skip non existing resourceDirectory C:\Users\HP\Downloads\MavenPraticeTest\MavenPraticeTest\PracticeMaven\src\main\resources
2023-05-13 17:34:38,065 [Worker-79: Building] INFO  o.e.m.c.i.embedder.EclipseLogger - Using 'UTF-8' encoding to copy filtered resources.
2023-05-13 17:34:38,066 [Worker-79: Building] INFO  o.e.m.c.i.embedder.EclipseLogger - skip non existing resourceDirectory C:\Users\HP\Downloads\MavenPraticeTest\MavenPraticeTest\PracticeMaven\src\test\resources
2023-05-13 17:35:24,075 [Worker-81: Building] INFO  o.e.m.c.i.embedder.EclipseLogger - Using 'UTF-8' encoding to copy filtered resources.
2023-05-13 17:35:24,075 [Worker-81: Building] INFO  o.e.m.c.i.embedder.EclipseLogger - skip non existing resourceDirectory C:\Users\HP\Downloads\MavenPraticeTest\MavenPraticeTest\PracticeMaven\src\main\resources
2023-05-13 17:35:24,077 [Worker-81: Building] INFO  o.e.m.c.i.embedder.EclipseLogger - Using 'UTF-8' encoding to copy filtered resources.
2023-05-13 17:35:24,077 [Worker-81: Building] INFO  o.e.m.c.i.embedder.EclipseLogger - skip non existing resourceDirectory C:\Users\HP\Downloads\MavenPraticeTest\MavenPraticeTest\PracticeMaven\src\test\resources
2023-05-13 17:38:46,129 [Worker-79: Building] INFO  o.e.m.c.i.embedder.EclipseLogger - Using 'UTF-8' encoding to copy filtered resources.
2023-05-13 17:38:46,129 [Worker-79: Building] INFO  o.e.m.c.i.embedder.EclipseLogger - skip non existing resourceDirectory C:\Users\HP\Downloads\MavenPraticeTest\MavenPraticeTest\PracticeMaven\src\main\resources
2023-05-13 17:38:46,132 [Worker-79: Building] INFO  o.e.m.c.i.embedder.EclipseLogger - Using 'UTF-8' encoding to copy filtered resources.
2023-05-13 17:38:46,132 [Worker-79: Building] INFO  o.e.m.c.i.embedder.EclipseLogger - skip non existing resourceDirectory C:\Users\HP\Downloads\MavenPraticeTest\MavenPraticeTest\PracticeMaven\src\test\resources
2023-05-13 17:40:29,758 [Worker-85: Building] INFO  o.e.m.c.i.embedder.EclipseLogger - Using 'UTF-8' encoding to copy filtered resources.
2023-05-13 17:40:29,758 [Worker-85: Building] INFO  o.e.m.c.i.embedder.EclipseLogger - skip non existing resourceDirectory C:\Users\HP\Downloads\MavenPraticeTest\MavenPraticeTest\PracticeMaven\src\main\resources
2023-05-13 17:40:29,760 [Worker-85: Building] INFO  o.e.m.c.i.embedder.EclipseLogger - Using 'UTF-8' encoding to copy filtered resources.
2023-05-13 17:40:29,761 [Worker-85: Building] INFO  o.e.m.c.i.embedder.EclipseLogger - skip non existing resourceDirectory C:\Users\HP\Downloads\MavenPraticeTest\MavenPraticeTest\PracticeMaven\src\test\resources
2023-05-13 17:41:15,459 [Worker-91: Building] INFO  o.e.m.c.i.embedder.EclipseLogger - Using 'UTF-8' encoding to copy filtered resources.
2023-05-13 17:41:15,459 [Worker-91: Building] INFO  o.e.m.c.i.embedder.EclipseLogger - skip non existing resourceDirectory C:\Users\HP\Downloads\MavenPraticeTest\MavenPraticeTest\PracticeMaven\src\main\resources
2023-05-13 17:41:15,462 [Worker-91: Building] INFO  o.e.m.c.i.embedder.EclipseLogger - Using 'UTF-8' encoding to copy filtered resources.
2023-05-13 17:41:15,463 [Worker-91: Building] INFO  o.e.m.c.i.embedder.EclipseLogger - skip non existing resourceDirectory C:\Users\HP\Downloads\MavenPraticeTest\MavenPraticeTest\PracticeMaven\src\test\resources
2023-05-13 17:42:33,430 [Worker-88: Building] INFO  o.e.m.c.i.embedder.EclipseLogger - Using 'UTF-8' encoding to copy filtered resources.
2023-05-13 17:42:33,431 [Worker-88: Building] INFO  o.e.m.c.i.embedder.EclipseLogger - skip non existing resourceDirectory C:\Users\HP\Downloads\MavenPraticeTest\MavenPraticeTest\PracticeMaven\src\main\resources
2023-05-13 17:42:33,435 [Worker-88: Building] INFO  o.e.m.c.i.embedder.EclipseLogger - Using 'UTF-8' encoding to copy filtered resources.
2023-05-13 17:42:33,435 [Worker-88: Building] INFO  o.e.m.c.i.embedder.EclipseLogger - skip non existing resourceDirectory C:\Users\HP\Downloads\MavenPraticeTest\MavenPraticeTest\PracticeMaven\src\test\resources
2023-05-20 16:27:22,920 [Worker-2: Loading available Gradle versions] INFO  o.e.b.c.i.u.g.PublishedGradleVersions - Gradle version information cache is out-of-date. Trying to update.
2023-05-31 19:14:55,327 [Worker-2: Loading available Gradle versions] INFO  o.e.b.c.i.u.g.PublishedGradleVersions - Gradle version information cache is out-of-date. Trying to update.
2023-06-05 13:15:03,534 [Worker-4: Loading available Gradle versions] INFO  o.e.b.c.i.u.g.PublishedGradleVersions - Gradle version information cache is out-of-date. Trying to update.
2023-06-10 14:00:02,471 [Worker-1: Loading available Gradle versions] INFO  o.e.b.c.i.u.g.PublishedGradleVersions - Gradle version information cache is up-to-date. Trying to read.
2023-06-10 14:14:47,349 [Worker-23: Building] INFO  o.e.m.c.i.embedder.EclipseLogger - Using 'UTF-8' encoding to copy filtered resources.
2023-06-10 14:14:47,352 [Worker-23: Building] INFO  o.e.m.c.i.embedder.EclipseLogger - skip non existing resourceDirectory C:\Users\HP\Downloads\MavenPraticeTest\MavenPraticeTest\PracticeMaven\src\main\resources
2023-06-10 14:14:47,357 [Worker-23: Building] INFO  o.e.m.c.i.embedder.EclipseLogger - Using 'UTF-8' encoding to copy filtered resources.
2023-06-10 14:14:47,357 [Worker-23: Building] INFO  o.e.m.c.i.embedder.EclipseLogger - skip non existing resourceDirectory C:\Users\HP\Downloads\MavenPraticeTest\MavenPraticeTest\PracticeMaven\src\test\resources
